16:57:13.888 [main] WARN  o.a.curator.CuratorZookeeperClient - session timeout [3000] is less than connection timeout [15000]
16:57:13.896 [main] INFO  o.a.c.f.imps.CuratorFrameworkImpl - Starting
16:57:13.901 [main] INFO  org.apache.zookeeper.ZooKeeper - Client environment:zookeeper.version=3.5.10-a32c7183d42325b03e44a06aade6a0f16955bf13, built on 05/29/2022 16:59 GMT
16:57:13.901 [main] INFO  org.apache.zookeeper.ZooKeeper - Client environment:host.name=localhost
16:57:13.901 [main] INFO  org.apache.zookeeper.ZooKeeper - Client environment:java.version=11.0.16.1
16:57:13.901 [main] INFO  org.apache.zookeeper.ZooKeeper - Client environment:java.vendor=Oracle Corporation
16:57:13.901 [main] INFO  org.apache.zookeeper.ZooKeeper - Client environment:java.home=/Users/yzzer/module/jdk-11/Contents/Home
16:57:13.901 [main] INFO  org.apache.zookeeper.ZooKeeper - Client environment:java.class.path=/Users/yzzer/IdeaProjects/javas/FedRaft/FedRaft-Core/target/test-classes:/Users/yzzer/IdeaProjects/javas/FedRaft/FedRaft-Core/target/classes:/Users/yzzer/.m2/repository/org/apache/commons/commons-configuration2/2.8.0/commons-configuration2-2.8.0.jar:/Users/yzzer/.m2/repository/org/apache/commons/commons-text/1.9/commons-text-1.9.jar:/Users/yzzer/.m2/repository/commons-logging/commons-logging/1.2/commons-logging-1.2.jar:/Users/yzzer/.m2/repository/org/apache/commons/commons-lang3/3.12.0/commons-lang3-3.12.0.jar:/Users/yzzer/.m2/repository/commons-beanutils/commons-beanutils/1.9.4/commons-beanutils-1.9.4.jar:/Users/yzzer/.m2/repository/commons-collections/commons-collections/3.2.2/commons-collections-3.2.2.jar:/Users/yzzer/.m2/repository/commons-cli/commons-cli/1.5.0/commons-cli-1.5.0.jar:/Users/yzzer/.m2/repository/org/apache/zookeeper/zookeeper/3.5.10/zookeeper-3.5.10.jar:/Users/yzzer/.m2/repository/org/apache/zookeeper/zookeeper-jute/3.5.10/zookeeper-jute-3.5.10.jar:/Users/yzzer/.m2/repository/org/apache/yetus/audience-annotations/0.5.0/audience-annotations-0.5.0.jar:/Users/yzzer/.m2/repository/io/netty/netty-handler/4.1.77.Final/netty-handler-4.1.77.Final.jar:/Users/yzzer/.m2/repository/io/netty/netty-common/4.1.77.Final/netty-common-4.1.77.Final.jar:/Users/yzzer/.m2/repository/io/netty/netty-resolver/4.1.77.Final/netty-resolver-4.1.77.Final.jar:/Users/yzzer/.m2/repository/io/netty/netty-buffer/4.1.77.Final/netty-buffer-4.1.77.Final.jar:/Users/yzzer/.m2/repository/io/netty/netty-transport/4.1.77.Final/netty-transport-4.1.77.Final.jar:/Users/yzzer/.m2/repository/io/netty/netty-codec/4.1.77.Final/netty-codec-4.1.77.Final.jar:/Users/yzzer/.m2/repository/io/netty/netty-transport-native-epoll/4.1.77.Final/netty-transport-native-epoll-4.1.77.Final.jar:/Users/yzzer/.m2/repository/io/netty/netty-transport-native-unix-common/4.1.77.Final/netty-transport-native-unix-common-4.1.77.Final.jar:/Users/yzzer/.m2/repository/io/netty/netty-transport-classes-epoll/4.1.77.Final/netty-transport-classes-epoll-4.1.77.Final.jar:/Users/yzzer/.m2/repository/org/apache/curator/curator-framework/5.3.0/curator-framework-5.3.0.jar:/Users/yzzer/.m2/repository/org/apache/curator/curator-client/5.3.0/curator-client-5.3.0.jar:/Users/yzzer/.m2/repository/org/apache/curator/curator-recipes/5.3.0/curator-recipes-5.3.0.jar:/Users/yzzer/.m2/repository/org/slf4j/slf4j-api/2.0.3/slf4j-api-2.0.3.jar:/Users/yzzer/.m2/repository/ch/qos/logback/logback-classic/1.4.3/logback-classic-1.4.3.jar:/Users/yzzer/.m2/repository/ch/qos/logback/logback-core/1.4.3/logback-core-1.4.3.jar:/Users/yzzer/.m2/repository/io/grpc/grpc-netty-shaded/1.49.1/grpc-netty-shaded-1.49.1.jar:/Users/yzzer/.m2/repository/com/google/guava/guava/31.1-android/guava-31.1-android.jar:/Users/yzzer/.m2/repository/com/google/guava/failureaccess/1.0.1/failureaccess-1.0.1.jar:/Users/yzzer/.m2/repository/com/google/guava/listenablefuture/9999.0-empty-to-avoid-conflict-with-guava/listenablefuture-9999.0-empty-to-avoid-conflict-with-guava.jar:/Users/yzzer/.m2/repository/org/checkerframework/checker-qual/3.12.0/checker-qual-3.12.0.jar:/Users/yzzer/.m2/repository/com/google/errorprone/error_prone_annotations/2.14.0/error_prone_annotations-2.14.0.jar:/Users/yzzer/.m2/repository/io/perfmark/perfmark-api/0.25.0/perfmark-api-0.25.0.jar:/Users/yzzer/.m2/repository/io/grpc/grpc-core/1.49.1/grpc-core-1.49.1.jar:/Users/yzzer/.m2/repository/com/google/android/annotations/4.1.1.4/annotations-4.1.1.4.jar:/Users/yzzer/.m2/repository/org/codehaus/mojo/animal-sniffer-annotations/1.21/animal-sniffer-annotations-1.21.jar:/Users/yzzer/.m2/repository/io/grpc/grpc-all/1.49.1/grpc-all-1.49.1.jar:/Users/yzzer/.m2/repository/io/grpc/grpc-api/1.49.1/grpc-api-1.49.1.jar:/Users/yzzer/.m2/repository/io/grpc/grpc-auth/1.49.1/grpc-auth-1.49.1.jar:/Users/yzzer/.m2/repository/com/google/auth/google-auth-library-credentials/1.4.0/google-auth-library-credentials-1.4.0.jar:/Users/yzzer/.m2/repository/io/grpc/grpc-context/1.49.1/grpc-context-1.49.1.jar:/Users/yzzer/.m2/repository/io/grpc/grpc-grpclb/1.49.1/grpc-grpclb-1.49.1.jar:/Users/yzzer/.m2/repository/io/grpc/grpc-netty/1.49.1/grpc-netty-1.49.1.jar:/Users/yzzer/.m2/repository/io/netty/netty-codec-http2/4.1.77.Final/netty-codec-http2-4.1.77.Final.jar:/Users/yzzer/.m2/repository/io/netty/netty-codec-http/4.1.77.Final/netty-codec-http-4.1.77.Final.jar:/Users/yzzer/.m2/repository/io/netty/netty-handler-proxy/4.1.77.Final/netty-handler-proxy-4.1.77.Final.jar:/Users/yzzer/.m2/repository/io/netty/netty-codec-socks/4.1.77.Final/netty-codec-socks-4.1.77.Final.jar:/Users/yzzer/.m2/repository/io/grpc/grpc-okhttp/1.49.1/grpc-okhttp-1.49.1.jar:/Users/yzzer/.m2/repository/com/squareup/okio/okio/1.17.5/okio-1.17.5.jar:/Users/yzzer/.m2/repository/io/grpc/grpc-rls/1.49.1/grpc-rls-1.49.1.jar:/Users/yzzer/.m2/repository/com/google/auto/value/auto-value-annotations/1.9/auto-value-annotations-1.9.jar:/Users/yzzer/.m2/repository/io/grpc/grpc-testing/1.49.1/grpc-testing-1.49.1.jar:/Users/yzzer/.m2/repository/io/grpc/grpc-xds/1.49.1/grpc-xds-1.49.1.jar:/Users/yzzer/.m2/repository/io/opencensus/opencensus-proto/0.2.0/opencensus-proto-0.2.0.jar:/Users/yzzer/.m2/repository/io/grpc/grpc-alts/1.49.1/grpc-alts-1.49.1.jar:/Users/yzzer/.m2/repository/org/conscrypt/conscrypt-openjdk-uber/2.5.2/conscrypt-openjdk-uber-2.5.2.jar:/Users/yzzer/.m2/repository/com/google/auth/google-auth-library-oauth2-http/1.4.0/google-auth-library-oauth2-http-1.4.0.jar:/Users/yzzer/.m2/repository/com/google/http-client/google-http-client/1.41.0/google-http-client-1.41.0.jar:/Users/yzzer/.m2/repository/org/apache/httpcomponents/httpclient/4.5.13/httpclient-4.5.13.jar:/Users/yzzer/.m2/repository/commons-codec/commons-codec/1.11/commons-codec-1.11.jar:/Users/yzzer/.m2/repository/org/apache/httpcomponents/httpcore/4.4.15/httpcore-4.4.15.jar:/Users/yzzer/.m2/repository/io/opencensus/opencensus-api/0.28.0/opencensus-api-0.28.0.jar:/Users/yzzer/.m2/repository/io/opencensus/opencensus-contrib-http-util/0.28.0/opencensus-contrib-http-util-0.28.0.jar:/Users/yzzer/.m2/repository/com/google/http-client/google-http-client-gson/1.41.0/google-http-client-gson-1.41.0.jar:/Users/yzzer/.m2/repository/com/google/re2j/re2j/1.6/re2j-1.6.jar:/Users/yzzer/.m2/repository/io/grpc/grpc-services/1.49.1/grpc-services-1.49.1.jar:/Users/yzzer/.m2/repository/io/grpc/grpc-protobuf/1.49.1/grpc-protobuf-1.49.1.jar:/Users/yzzer/.m2/repository/com/google/code/findbugs/jsr305/3.0.2/jsr305-3.0.2.jar:/Users/yzzer/.m2/repository/com/google/protobuf/protobuf-java/3.21.1/protobuf-java-3.21.1.jar:/Users/yzzer/.m2/repository/com/google/api/grpc/proto-google-common-protos/2.9.0/proto-google-common-protos-2.9.0.jar:/Users/yzzer/.m2/repository/io/grpc/grpc-protobuf-lite/1.49.1/grpc-protobuf-lite-1.49.1.jar:/Users/yzzer/.m2/repository/io/grpc/grpc-stub/1.49.1/grpc-stub-1.49.1.jar:/Users/yzzer/.m2/repository/com/google/protobuf/protobuf-java-util/3.21.7/protobuf-java-util-3.21.7.jar:/Users/yzzer/.m2/repository/com/google/j2objc/j2objc-annotations/1.3/j2objc-annotations-1.3.jar:/Users/yzzer/.m2/repository/com/google/code/gson/gson/2.8.9/gson-2.8.9.jar:/Users/yzzer/.m2/repository/org/apache/tomcat/annotations-api/6.0.53/annotations-api-6.0.53.jar:/Users/yzzer/.m2/repository/junit/junit/4.13.2/junit-4.13.2.jar:/Users/yzzer/.m2/repository/org/hamcrest/hamcrest-core/1.3/hamcrest-core-1.3.jar:/Users/yzzer/.m2/repository/com/github/ifesdjeen/hashed-wheel-timer-core/1.0.0-RC1/hashed-wheel-timer-core-1.0.0-RC1.jar
16:57:13.901 [main] INFO  org.apache.zookeeper.ZooKeeper - Client environment:java.library.path=/Users/yzzer/Library/Java/Extensions:/Library/Java/Extensions:/Network/Library/Java/Extensions:/System/Library/Java/Extensions:/usr/lib/java:.
16:57:13.901 [main] INFO  org.apache.zookeeper.ZooKeeper - Client environment:java.io.tmpdir=/var/folders/w5/mlyt3pjn1bg5f3vvk6cvl8540000gn/T/
16:57:13.901 [main] INFO  org.apache.zookeeper.ZooKeeper - Client environment:java.compiler=<NA>
16:57:13.901 [main] INFO  org.apache.zookeeper.ZooKeeper - Client environment:os.name=Mac OS X
16:57:13.901 [main] INFO  org.apache.zookeeper.ZooKeeper - Client environment:os.arch=aarch64
16:57:13.901 [main] INFO  org.apache.zookeeper.ZooKeeper - Client environment:os.version=12.6
16:57:13.901 [main] INFO  org.apache.zookeeper.ZooKeeper - Client environment:user.name=yzzer
16:57:13.901 [main] INFO  org.apache.zookeeper.ZooKeeper - Client environment:user.home=/Users/yzzer
16:57:13.901 [main] INFO  org.apache.zookeeper.ZooKeeper - Client environment:user.dir=/Users/yzzer/IdeaProjects/javas/FedRaft
16:57:13.901 [main] INFO  org.apache.zookeeper.ZooKeeper - Client environment:os.memory.free=239MB
16:57:13.901 [main] INFO  org.apache.zookeeper.ZooKeeper - Client environment:os.memory.max=4096MB
16:57:13.901 [main] INFO  org.apache.zookeeper.ZooKeeper - Client environment:os.memory.total=256MB
16:57:13.902 [main] INFO  org.apache.zookeeper.ZooKeeper - Initiating client connection, connectString=10.112.195.22:2181 sessionTimeout=3000 watcher=org.apache.curator.ConnectionState@2899a8db
16:57:13.905 [main] INFO  o.apache.zookeeper.common.X509Util - Setting -D jdk.tls.rejectClientInitiatedRenegotiation=true to disable client-initiated TLS renegotiation
16:57:13.907 [main] INFO  o.apache.zookeeper.ClientCnxnSocket - jute.maxbuffer value is 4194304 Bytes
16:57:13.910 [main] INFO  org.apache.zookeeper.ClientCnxn - zookeeper.request.timeout value is 0. feature enabled=
16:57:13.914 [main] INFO  o.a.c.f.imps.CuratorFrameworkImpl - Default schema
16:57:13.939 [main-SendThread(10.112.195.22:2181)] INFO  org.apache.zookeeper.ClientCnxn - Opening socket connection to server cad01/10.112.195.22:2181. Will not attempt to authenticate using SASL (unknown error)
16:57:13.954 [main-SendThread(10.112.195.22:2181)] INFO  org.apache.zookeeper.ClientCnxn - Socket connection established, initiating session, client: /10.28.221.81:52404, server: cad01/10.112.195.22:2181
16:57:14.098 [main-SendThread(10.112.195.22:2181)] INFO  org.apache.zookeeper.ClientCnxn - Session establishment complete on server cad01/10.112.195.22:2181, sessionid = 0x10061c6c6f40035, negotiated timeout = 4000
16:57:14.105 [main-EventThread] INFO  o.a.c.f.state.ConnectionStateManager - State change: CONNECTED
16:57:14.126 [main-EventThread] INFO  o.a.c.framework.imps.EnsembleTracker - New config event received: {}
16:57:14.126 [main-EventThread] INFO  o.a.c.framework.imps.EnsembleTracker - New config event received: {}
16:57:14.172 [main] INFO  org.bupt.cad.fedraft.utils.ZkClient - node registered in /fedraft/registered/
16:57:14.226 [main] INFO  o.b.cad.fedraft.server.FedRaftServer - server started on port 16888
16:57:14.227 [main] INFO  o.b.cad.fedraft.server.FedRaftServer - server started ping other nodes 
16:57:14.569 [Curator-LeaderSelector-0] ERROR org.bupt.cad.fedraft.node.TmpLeader - 初始化集群失败Path must not end with / character
java.lang.IllegalArgumentException: Path must not end with / character
	at org.apache.curator.utils.PathUtils.validatePath(PathUtils.java:61)
	at org.apache.curator.utils.PathUtils.validatePath(PathUtils.java:37)
	at org.apache.curator.utils.ZKPaths.fixForNamespace(ZKPaths.java:107)
	at org.apache.curator.framework.imps.NamespaceImpl.fixForNamespace(NamespaceImpl.java:104)
	at org.apache.curator.framework.imps.CuratorFrameworkImpl.fixForNamespace(CuratorFrameworkImpl.java:753)
	at org.apache.curator.framework.imps.GetChildrenBuilderImpl.forPath(GetChildrenBuilderImpl.java:210)
	at org.apache.curator.framework.imps.GetChildrenBuilderImpl.forPath(GetChildrenBuilderImpl.java:41)
	at org.bupt.cad.fedraft.utils.ZkClient.getCluster(ZkClient.java:196)
	at org.bupt.cad.fedraft.node.TmpLeader.initCluster(TmpLeader.java:49)
	at org.bupt.cad.fedraft.node.TmpLeader.<init>(TmpLeader.java:42)
	at org.bupt.cad.fedraft.node.Runtime.setState(Runtime.java:145)
	at org.bupt.cad.fedraft.node.SafeMode.lambda$checkinTmpLeader$0(SafeMode.java:25)
	at org.bupt.cad.fedraft.utils.ZkClient$1.takeLeadership(ZkClient.java:113)
	at org.apache.curator.framework.recipes.leader.LeaderSelector$WrappedListener.takeLeadership(LeaderSelector.java:576)
	at org.apache.curator.framework.recipes.leader.LeaderSelector.doWork(LeaderSelector.java:425)
	at org.apache.curator.framework.recipes.leader.LeaderSelector.doWorkLoop(LeaderSelector.java:483)
	at org.apache.curator.framework.recipes.leader.LeaderSelector.access$100(LeaderSelector.java:66)
	at org.apache.curator.framework.recipes.leader.LeaderSelector$2.call(LeaderSelector.java:247)
	at org.apache.curator.framework.recipes.leader.LeaderSelector$2.call(LeaderSelector.java:241)
	at java.base/java.util.concurrent.FutureTask.run(FutureTask.java:264)
	at java.base/java.util.concurrent.Executors$RunnableAdapter.call(Executors.java:515)
	at java.base/java.util.concurrent.FutureTask.run(FutureTask.java:264)
	at java.base/java.util.concurrent.ThreadPoolExecutor.runWorker(ThreadPoolExecutor.java:1128)
	at java.base/java.util.concurrent.ThreadPoolExecutor$Worker.run(ThreadPoolExecutor.java:628)
	at java.base/java.lang.Thread.run(Thread.java:834)
